TN:
SF:src/platform/bootstrap.ts
FN:63,(anonymous_0)
FN:119,(anonymous_1)
FN:128,(anonymous_2)
FN:174,loadBuiltinsInto
FN:197,(anonymous_4)
FN:200,(anonymous_5)
FN:211,(anonymous_6)
FN:212,(anonymous_7)
FN:213,(anonymous_8)
FN:226,(anonymous_9)
FN:229,(anonymous_10)
FN:236,(anonymous_11)
FN:249,(anonymous_12)
FN:291,(anonymous_13)
FN:328,(anonymous_14)
FN:334,(anonymous_15)
FN:338,(anonymous_16)
FN:343,(anonymous_17)
FN:369,(anonymous_18)
FNF:19
FNH:0
FNDA:0,(anonymous_0)
FNDA:0,(anonymous_1)
FNDA:0,(anonymous_2)
FNDA:0,loadBuiltinsInto
FNDA:0,(anonymous_4)
FNDA:0,(anonymous_5)
FNDA:0,(anonymous_6)
FNDA:0,(anonymous_7)
FNDA:0,(anonymous_8)
FNDA:0,(anonymous_9)
FNDA:0,(anonymous_10)
FNDA:0,(anonymous_11)
FNDA:0,(anonymous_12)
FNDA:0,(anonymous_13)
FNDA:0,(anonymous_14)
FNDA:0,(anonymous_15)
FNDA:0,(anonymous_16)
FNDA:0,(anonymous_17)
FNDA:0,(anonymous_18)
DA:63,1
DA:66,0
DA:70,0
DA:71,0
DA:110,1
DA:119,1
DA:120,0
DA:121,0
DA:122,0
DA:124,0
DA:128,1
DA:129,0
DA:186,0
DA:187,0
DA:195,0
DA:198,0
DA:199,0
DA:200,0
DA:207,0
DA:208,0
DA:211,0
DA:212,0
DA:213,0
DA:221,0
DA:222,0
DA:224,0
DA:227,0
DA:228,0
DA:229,0
DA:233,0
DA:234,0
DA:236,0
DA:249,1
DA:252,0
DA:253,0
DA:255,0
DA:262,0
DA:263,0
DA:266,0
DA:268,0
DA:272,0
DA:275,0
DA:276,0
DA:283,0
DA:284,0
DA:288,0
DA:289,0
DA:291,0
DA:292,0
DA:294,0
DA:295,0
DA:298,0
DA:299,0
DA:311,0
DA:312,0
DA:317,0
DA:318,0
DA:319,0
DA:320,0
DA:321,0
DA:323,0
DA:324,0
DA:328,0
DA:330,0
DA:334,0
DA:337,0
DA:338,0
DA:342,0
DA:343,0
DA:344,0
DA:345,0
DA:348,0
DA:351,0
DA:359,0
DA:360,0
DA:361,0
DA:363,0
DA:369,1
DA:370,0
DA:371,0
DA:373,0
DA:374,0
DA:376,0
LF:83
LH:6
BRDA:120,0,0,0
BRDA:120,0,1,0
BRDA:121,1,0,0
BRDA:121,1,1,0
BRDA:121,2,0,0
BRDA:121,2,1,0
BRDA:129,3,0,0
BRDA:129,3,1,0
BRDA:221,4,0,0
BRDA:221,4,1,0
BRDA:250,5,0,0
BRDA:252,6,0,0
BRDA:252,6,1,0
BRDA:253,7,0,0
BRDA:253,7,1,0
BRDA:255,8,0,0
BRDA:255,8,1,0
BRDA:262,9,0,0
BRDA:262,9,1,0
BRDA:263,10,0,0
BRDA:263,10,1,0
BRDA:263,10,2,0
BRDA:268,11,0,0
BRDA:268,11,1,0
BRDA:294,12,0,0
BRDA:294,12,1,0
BRDA:320,13,0,0
BRDA:320,13,1,0
BRDA:323,14,0,0
BRDA:323,14,1,0
BRDA:323,15,0,0
BRDA:323,15,1,0
BRDA:337,16,0,0
BRDA:337,16,1,0
BRDA:344,17,0,0
BRDA:344,17,1,0
BRDA:360,18,0,0
BRDA:360,18,1,0
BRDA:360,19,0,0
BRDA:360,19,1,0
BRDA:370,20,0,0
BRDA:370,20,1,0
BRDA:373,21,0,0
BRDA:373,21,1,0
BRDA:373,22,0,0
BRDA:373,22,1,0
BRF:46
BRH:0
end_of_record
TN:
SF:src/platform/builtinSeed.ts
FN:58,(anonymous_0)
FN:64,(anonymous_1)
FN:91,(anonymous_2)
FN:147,(anonymous_3)
FN:169,(anonymous_4)
FN:172,(anonymous_5)
FN:179,(anonymous_6)
FN:182,(anonymous_7)
FN:189,(anonymous_8)
FNF:9
FNH:9
FNDA:94,(anonymous_0)
FNDA:30,(anonymous_1)
FNDA:30,(anonymous_2)
FNDA:1,(anonymous_3)
FNDA:9,(anonymous_4)
FNDA:1,(anonymous_5)
FNDA:9,(anonymous_6)
FNDA:1,(anonymous_7)
FNDA:9,(anonymous_8)
DA:58,1
DA:59,94
DA:60,94
DA:61,94
DA:64,1
DA:69,30
DA:70,30
DA:71,30
DA:72,30
DA:73,874
DA:75,0
DA:76,0
DA:78,874
DA:79,795
DA:82,30
DA:83,0
DA:91,1
DA:96,30
DA:97,30
DA:104,0
DA:106,30
DA:107,30
DA:108,0
DA:110,30
DA:111,30
DA:112,0
DA:128,1
DA:132,1
DA:136,1
DA:140,1
DA:147,1
DA:148,1
DA:151,1
DA:152,1
DA:153,10
DA:154,10
DA:155,10
DA:156,10
DA:158,1
DA:159,10
DA:160,10
DA:161,10
DA:162,10
DA:169,9
DA:172,1
DA:173,1
DA:174,1
DA:175,10
DA:176,10
DA:177,10
DA:179,9
DA:182,1
DA:183,1
DA:184,1
DA:185,10
DA:186,10
DA:187,10
DA:189,9
DA:192,1
DA:193,1
DA:195,1
DA:204,1
LF:62
LH:56
BRDA:60,0,0,94
BRDA:60,0,1,0
BRDA:73,1,0,0
BRDA:73,1,1,874
BRDA:75,2,0,0
BRDA:75,2,1,0
BRDA:78,3,0,795
BRDA:78,3,1,79
BRDA:78,4,0,874
BRDA:78,4,1,795
BRDA:82,5,0,0
BRDA:82,5,1,30
BRDA:107,6,0,0
BRDA:107,6,1,30
BRDA:107,7,0,30
BRDA:107,7,1,30
BRDA:111,8,0,0
BRDA:111,8,1,30
BRDA:154,9,0,10
BRDA:154,9,1,0
BRF:20
BRH:12
end_of_record
TN:
SF:src/platform/dynamicProviderTrust.ts
FN:84,(anonymous_0)
FN:93,(anonymous_1)
FN:98,(anonymous_2)
FN:108,readTrustListFromDisk
FN:139,writeTrustListToDisk
FN:171,checkTrust
FN:194,markTrusted
FN:218,loadTrustList
FN:242,requestUserConfirmation
FNF:9
FNH:0
FNDA:0,(anonymous_0)
FNDA:0,(anonymous_1)
FNDA:0,(anonymous_2)
FNDA:0,readTrustListFromDisk
FNDA:0,writeTrustListToDisk
FNDA:0,checkTrust
FNDA:0,markTrusted
FNDA:0,loadTrustList
FNDA:0,requestUserConfirmation
DA:77,2
DA:80,2
DA:84,2
DA:86,0
DA:87,0
DA:90,0
DA:93,2
DA:94,0
DA:95,0
DA:98,2
DA:99,0
DA:111,0
DA:112,0
DA:113,0
DA:114,0
DA:115,0
DA:117,0
DA:118,0
DA:119,0
DA:125,0
DA:127,0
DA:130,0
DA:143,0
DA:144,0
DA:145,0
DA:146,0
DA:148,0
DA:175,0
DA:176,0
DA:177,0
DA:179,0
DA:180,0
DA:182,0
DA:183,0
DA:198,0
DA:199,0
DA:203,0
DA:204,0
DA:205,0
DA:207,0
DA:210,0
DA:221,0
DA:222,0
DA:224,0
DA:226,0
DA:227,0
DA:229,0
DA:245,0
DA:246,0
LF:49
LH:5
BRDA:86,0,0,0
BRDA:86,0,1,0
BRDA:86,1,0,0
BRDA:86,1,1,0
BRDA:95,2,0,0
BRDA:95,2,1,0
BRDA:114,3,0,0
BRDA:114,3,1,0
BRDA:119,4,0,0
BRDA:119,4,1,0
BRDA:120,5,0,0
BRDA:120,5,1,0
BRDA:120,5,2,0
BRDA:120,5,3,0
BRDA:145,6,0,0
BRDA:145,6,1,0
BRDA:175,7,0,0
BRDA:175,7,1,0
BRDA:176,8,0,0
BRDA:176,8,1,0
BRDA:179,9,0,0
BRDA:179,9,1,0
BRDA:198,10,0,0
BRDA:198,10,1,0
BRDA:204,11,0,0
BRDA:204,11,1,0
BRDA:221,12,0,0
BRDA:221,12,1,0
BRDA:222,13,0,0
BRDA:222,13,1,0
BRDA:226,14,0,0
BRDA:226,14,1,0
BRF:32
BRH:0
end_of_record
TN:
SF:src/platform/runtimeConfig.ts
FN:95,loadRuntimeConfig
FN:191,registerEmbeddedMCPServer
FN:210,resetToolpackRegistrationForTest
FNF:3
FNH:0
FNDA:0,loadRuntimeConfig
FNDA:0,registerEmbeddedMCPServer
FNDA:0,resetToolpackRegistrationForTest
DA:40,1
DA:47,1
DA:52,1
DA:66,1
DA:96,0
DA:97,0
DA:101,0
DA:102,0
DA:103,0
DA:104,0
DA:108,0
DA:109,0
DA:110,0
DA:116,0
DA:122,0
DA:123,0
DA:124,0
DA:127,0
DA:128,0
DA:129,0
DA:130,0
DA:133,0
DA:134,0
DA:135,0
DA:137,0
DA:141,0
DA:145,0
DA:150,0
DA:160,0
DA:164,0
DA:165,0
DA:171,0
DA:189,1
DA:194,0
DA:195,0
DA:196,0
DA:197,0
DA:198,0
DA:204,0
DA:205,0
DA:211,0
DA:216,1
LF:42
LH:6
BRDA:101,0,0,0
BRDA:101,0,1,0
BRDA:103,1,0,0
BRDA:103,1,1,0
BRDA:109,2,0,0
BRDA:109,2,1,0
BRDA:122,3,0,0
BRDA:122,3,1,0
BRDA:124,4,0,0
BRDA:124,4,1,0
BRDA:129,5,0,0
BRDA:129,5,1,0
BRDA:137,6,0,0
BRDA:137,6,1,0
BRDA:137,7,0,0
BRDA:137,7,1,0
BRDA:164,8,0,0
BRDA:164,8,1,0
BRDA:174,9,0,0
BRDA:174,9,1,0
BRDA:194,10,0,0
BRDA:194,10,1,0
BRF:22
BRH:0
end_of_record
TN:
SF:src/platform/runtimeFeatures.ts
FN:46,readEnv
FN:53,buildDefault
FN:67,getRuntimeFeatures
FN:72,setRuntimeFeaturesForTest
FN:77,resetRuntimeFeaturesForTest
FNF:5
FNH:0
FNDA:0,readEnv
FNDA:0,buildDefault
FNDA:0,getRuntimeFeatures
FNDA:0,setRuntimeFeaturesForTest
FNDA:0,resetRuntimeFeaturesForTest
DA:44,0
DA:49,0
DA:50,0
DA:55,0
DA:57,0
DA:58,0
DA:64,0
DA:68,0
DA:73,0
DA:78,0
LF:10
LH:0
BRDA:50,0,0,0
BRDA:50,0,1,0
BRDA:50,1,0,0
BRDA:50,1,1,0
BRDA:55,2,0,0
BRDA:55,2,1,0
BRDA:57,3,0,0
BRDA:57,3,1,0
BRF:8
BRH:0
end_of_record
TN:
SF:src/platform/hsas/schema.ts
FN:40,(anonymous_0)
FNF:1
FNH:1
FNDA:94,(anonymous_0)
DA:36,5
DA:40,94
DA:50,5
DA:58,5
DA:64,5
DA:69,5
DA:98,5
DA:107,5
DA:109,5
DA:115,5
DA:120,5
DA:128,5
DA:134,5
DA:138,5
DA:143,5
DA:148,5
DA:165,5
DA:175,5
DA:181,5
DA:185,5
DA:187,5
DA:200,5
DA:215,5
DA:228,5
DA:236,5
DA:242,5
DA:269,5
DA:291,5
DA:297,5
LF:29
LH:29
BRF:0
BRH:0
end_of_record
TN:
SF:src/platform/hsas/validator.ts
FN:99,(anonymous_0)
FN:166,(anonymous_1)
FN:234,(anonymous_2)
FN:265,(anonymous_3)
FN:279,(anonymous_4)
FN:401,(anonymous_5)
FN:452,(anonymous_6)
FN:491,(anonymous_7)
FN:507,(anonymous_8)
FN:555,(anonymous_9)
FN:560,(anonymous_10)
FN:561,(anonymous_11)
FNF:12
FNH:12
FNDA:30,(anonymous_0)
FNDA:62,(anonymous_1)
FNDA:55,(anonymous_2)
FNDA:51,(anonymous_3)
FNDA:8,(anonymous_4)
FNDA:5,(anonymous_5)
FNDA:36,(anonymous_6)
FNDA:55,(anonymous_7)
FNDA:62,(anonymous_8)
FNDA:2,(anonymous_9)
FNDA:2,(anonymous_10)
FNDA:1,(anonymous_11)
DA:66,5
DA:100,30
DA:101,30
DA:102,30
DA:103,30
DA:154,5
DA:166,5
DA:167,62
DA:168,1
DA:174,61
DA:176,61
DA:177,1
DA:183,60
DA:184,1
DA:191,59
DA:192,1
DA:196,58
DA:197,1
DA:203,57
DA:204,57
DA:212,338
DA:213,1
DA:221,56
DA:222,56
DA:223,56
DA:224,1
DA:231,55
DA:234,5
DA:238,55
DA:239,55
DA:241,4
DA:243,4
DA:244,2
DA:250,2
DA:251,1
DA:256,1
DA:265,5
DA:266,51
DA:267,13
DA:268,37
DA:269,1
DA:276,12
DA:279,5
DA:281,8
DA:282,0
DA:289,8
DA:290,0
DA:291,0
DA:292,0
DA:302,8
DA:303,8
DA:304,1
DA:310,7
DA:314,1
DA:323,6
DA:324,1
DA:325,1
DA:326,1
DA:337,5
DA:338,0
DA:339,0
DA:348,5
DA:349,1
DA:350,1
DA:359,4
DA:360,1
DA:361,1
DA:370,3
DA:371,1
DA:372,1
DA:373,1
DA:382,2
DA:383,1
DA:384,1
DA:385,1
DA:386,3
DA:387,1
DA:393,2
DA:394,2
DA:398,1
DA:401,5
DA:402,5
DA:403,5
DA:404,1
DA:411,4
DA:413,1
DA:414,1
DA:415,1
DA:416,3
DA:417,3
DA:418,1
DA:424,2
DA:425,2
DA:428,3
DA:429,1
DA:430,1
DA:431,1
DA:439,2
DA:440,1
DA:441,1
DA:442,1
DA:449,1
DA:452,5
DA:460,36
DA:461,1
DA:468,35
DA:469,2
DA:475,33
DA:476,3
DA:477,3
DA:478,1
DA:486,32
DA:491,5
DA:497,55
DA:498,41
DA:499,36
DA:507,5
DA:512,62
DA:513,62
DA:516,55
DA:517,55
DA:518,55
DA:520,51
DA:523,51
DA:524,51
DA:526,50
DA:530,1
DA:538,49
DA:539,8
DA:540,8
DA:541,41
DA:542,5
DA:543,5
DA:545,36
DA:546,36
DA:549,34
DA:555,5
DA:559,2
DA:560,2
DA:562,1
LF:140
LH:134
BRDA:99,0,0,30
BRDA:167,1,0,1
BRDA:167,1,1,61
BRDA:167,2,0,62
BRDA:167,2,1,62
BRDA:176,3,0,1
BRDA:176,3,1,60
BRDA:183,4,0,1
BRDA:183,4,1,59
BRDA:183,5,0,60
BRDA:183,5,1,42
BRDA:183,5,2,37
BRDA:191,6,0,1
BRDA:191,6,1,58
BRDA:191,7,0,59
BRDA:191,7,1,58
BRDA:196,8,0,1
BRDA:196,8,1,57
BRDA:196,9,0,58
BRDA:196,9,1,57
BRDA:212,10,0,1
BRDA:212,10,1,337
BRDA:212,11,0,338
BRDA:212,11,1,337
BRDA:221,12,0,56
BRDA:221,12,1,0
BRDA:223,13,0,1
BRDA:223,13,1,55
BRDA:223,14,0,56
BRDA:223,14,1,55
BRDA:241,15,0,4
BRDA:241,15,1,0
BRDA:243,16,0,2
BRDA:243,16,1,2
BRDA:243,17,0,4
BRDA:243,17,1,2
BRDA:250,18,0,1
BRDA:250,18,1,1
BRDA:250,19,0,2
BRDA:250,19,1,1
BRDA:266,20,0,38
BRDA:266,20,1,13
BRDA:268,21,0,1
BRDA:268,21,1,36
BRDA:281,22,0,0
BRDA:281,22,1,8
BRDA:289,23,0,0
BRDA:289,23,1,8
BRDA:291,24,0,0
BRDA:291,24,1,0
BRDA:291,25,0,0
BRDA:291,25,1,0
BRDA:291,25,2,0
BRDA:303,26,0,1
BRDA:303,26,1,7
BRDA:303,27,0,8
BRDA:303,27,1,8
BRDA:310,28,0,1
BRDA:310,28,1,6
BRDA:311,29,0,7
BRDA:311,29,1,7
BRDA:323,30,0,1
BRDA:323,30,1,5
BRDA:325,31,0,1
BRDA:325,31,1,0
BRDA:325,32,0,1
BRDA:325,32,1,1
BRDA:337,33,0,0
BRDA:337,33,1,5
BRDA:337,34,0,5
BRDA:337,34,1,0
BRDA:338,35,0,0
BRDA:338,35,1,0
BRDA:338,36,0,0
BRDA:338,36,1,0
BRDA:348,37,0,1
BRDA:348,37,1,4
BRDA:348,38,0,5
BRDA:348,38,1,1
BRDA:349,39,0,1
BRDA:349,39,1,0
BRDA:359,40,0,1
BRDA:359,40,1,3
BRDA:359,41,0,4
BRDA:359,41,1,1
BRDA:360,42,0,1
BRDA:360,42,1,0
BRDA:370,43,0,1
BRDA:370,43,1,2
BRDA:370,44,0,3
BRDA:370,44,1,1
BRDA:371,45,0,1
BRDA:371,45,1,0
BRDA:372,46,0,1
BRDA:372,46,1,0
BRDA:382,47,0,1
BRDA:382,47,1,1
BRDA:382,48,0,2
BRDA:382,48,1,1
BRDA:386,49,0,1
BRDA:386,49,1,2
BRDA:403,50,0,1
BRDA:403,50,1,4
BRDA:403,51,0,5
BRDA:403,51,1,5
BRDA:411,52,0,1
BRDA:411,52,1,3
BRDA:411,53,0,4
BRDA:411,53,1,1
BRDA:417,54,0,1
BRDA:417,54,1,2
BRDA:428,55,0,1
BRDA:428,55,1,2
BRDA:428,56,0,3
BRDA:428,56,1,1
BRDA:430,57,0,1
BRDA:430,57,1,0
BRDA:439,58,0,1
BRDA:439,58,1,1
BRDA:440,59,0,1
BRDA:440,59,1,0
BRDA:441,60,0,1
BRDA:441,60,1,0
BRDA:460,61,0,1
BRDA:460,61,1,35
BRDA:460,62,0,36
BRDA:460,62,1,35
BRDA:468,63,0,2
BRDA:468,63,1,33
BRDA:468,64,0,35
BRDA:468,64,1,5
BRDA:475,65,0,3
BRDA:475,65,1,30
BRDA:477,66,0,1
BRDA:477,66,1,2
BRDA:497,67,0,14
BRDA:497,67,1,41
BRDA:498,68,0,5
BRDA:498,68,1,36
BRDA:509,69,0,62
BRDA:513,70,0,7
BRDA:513,70,1,55
BRDA:518,71,0,4
BRDA:518,71,1,51
BRDA:524,72,0,1
BRDA:524,72,1,50
BRDA:526,73,0,1
BRDA:526,73,1,49
BRDA:527,74,0,50
BRDA:527,74,1,1
BRDA:538,75,0,8
BRDA:538,75,1,41
BRDA:540,76,0,7
BRDA:540,76,1,1
BRDA:541,77,0,5
BRDA:541,77,1,36
BRDA:543,78,0,4
BRDA:543,78,1,1
BRDA:546,79,0,4
BRDA:546,79,1,32
BRDA:557,80,0,2
BRDA:562,81,0,1
BRDA:562,81,1,0
BRDA:566,82,0,0
BRDA:566,82,1,0
BRF:165
BRH:139
end_of_record
TN:
SF:src/platform/loader/agentLoader.ts
FN:56,(anonymous_0)
FN:63,(anonymous_1)
FN:84,(anonymous_2)
FN:105,(anonymous_3)
FN:108,(anonymous_4)
FN:110,(anonymous_5)
FN:111,(anonymous_6)
FN:113,(anonymous_7)
FN:132,(anonymous_8)
FN:136,(anonymous_9)
FN:141,(anonymous_10)
FN:142,(anonymous_11)
FN:173,(anonymous_12)
FN:177,(anonymous_13)
FN:188,(anonymous_14)
FN:191,(anonymous_15)
FN:199,(anonymous_16)
FN:204,(anonymous_17)
FN:216,(anonymous_18)
FN:220,(anonymous_19)
FNF:20
FNH:0
FNDA:0,(anonymous_0)
FNDA:0,(anonymous_1)
FNDA:0,(anonymous_2)
FNDA:0,(anonymous_3)
FNDA:0,(anonymous_4)
FNDA:0,(anonymous_5)
FNDA:0,(anonymous_6)
FNDA:0,(anonymous_7)
FNDA:0,(anonymous_8)
FNDA:0,(anonymous_9)
FNDA:0,(anonymous_10)
FNDA:0,(anonymous_11)
FNDA:0,(anonymous_12)
FNDA:0,(anonymous_13)
FNDA:0,(anonymous_14)
FNDA:0,(anonymous_15)
FNDA:0,(anonymous_16)
FNDA:0,(anonymous_17)
FNDA:0,(anonymous_18)
FNDA:0,(anonymous_19)
DA:56,1
DA:57,0
DA:62,0
DA:63,0
DA:66,0
DA:84,1
DA:87,0
DA:88,0
DA:90,0
DA:105,1
DA:108,0
DA:109,0
DA:110,0
DA:112,0
DA:117,0
DA:118,0
DA:132,1
DA:136,0
DA:137,0
DA:140,0
DA:141,0
DA:142,0
DA:144,0
DA:145,0
DA:146,0
DA:151,0
DA:156,0
DA:157,0
DA:161,0
DA:164,0
DA:166,0
DA:173,1
DA:177,0
DA:178,0
DA:179,0
DA:180,0
DA:182,0
DA:188,1
DA:191,0
DA:192,0
DA:193,0
DA:199,1
DA:204,0
DA:205,0
DA:206,0
DA:216,1
DA:220,0
DA:222,0
DA:223,0
DA:225,0
DA:230,0
DA:233,1
DA:238,1
LF:53
LH:10
BRDA:57,0,0,0
BRDA:57,0,1,0
BRDA:62,1,0,0
BRDA:62,1,1,0
BRDA:62,2,0,0
BRDA:62,2,1,0
BRDA:73,3,0,0
BRDA:73,3,1,0
BRDA:76,4,0,0
BRDA:76,4,1,0
BRDA:87,5,0,0
BRDA:87,5,1,0
BRDA:118,6,0,0
BRDA:118,6,1,0
BRDA:134,7,0,0
BRDA:140,8,0,0
BRDA:140,8,1,0
BRDA:145,9,0,0
BRDA:145,9,1,0
BRDA:175,10,0,0
BRDA:202,11,0,0
BRDA:218,12,0,0
BRF:22
BRH:0
end_of_record
TN:
SF:src/platform/loader/skillLoader.ts
FN:37,(anonymous_0)
FN:49,(anonymous_1)
FN:50,(anonymous_2)
FN:51,(anonymous_3)
FN:54,(anonymous_4)
FN:58,(anonymous_5)
FN:81,(anonymous_6)
FN:85,(anonymous_7)
FN:93,(anonymous_8)
FN:96,(anonymous_9)
FN:112,(anonymous_10)
FN:117,(anonymous_11)
FNF:12
FNH:0
FNDA:0,(anonymous_0)
FNDA:0,(anonymous_1)
FNDA:0,(anonymous_2)
FNDA:0,(anonymous_3)
FNDA:0,(anonymous_4)
FNDA:0,(anonymous_5)
FNDA:0,(anonymous_6)
FNDA:0,(anonymous_7)
FNDA:0,(anonymous_8)
FNDA:0,(anonymous_9)
FNDA:0,(anonymous_10)
FNDA:0,(anonymous_11)
DA:37,1
DA:49,1
DA:50,0
DA:51,0
DA:54,1
DA:58,0
DA:59,0
DA:61,0
DA:62,0
DA:63,0
DA:64,0
DA:69,0
DA:72,0
DA:73,0
DA:76,0
DA:77,0
DA:78,0
DA:81,1
DA:85,0
DA:86,0
DA:87,0
DA:88,0
DA:90,0
DA:93,1
DA:96,0
DA:97,0
DA:98,0
DA:112,1
DA:117,0
DA:119,0
DA:120,0
DA:122,0
DA:129,0
DA:130,0
DA:132,0
DA:135,1
LF:36
LH:7
BRDA:40,0,0,0
BRDA:40,0,1,0
BRDA:56,1,0,0
BRDA:61,2,0,0
BRDA:61,2,1,0
BRDA:63,3,0,0
BRDA:63,3,1,0
BRDA:83,4,0,0
BRDA:115,5,0,0
BRDA:129,6,0,0
BRDA:129,6,1,0
BRDA:129,7,0,0
BRDA:129,7,1,0
BRDA:129,7,2,0
BRF:14
BRH:0
end_of_record
TN:
SF:src/platform/registry/capabilityRegistry.ts
FN:85,(anonymous_0)
FN:96,(anonymous_1)
FN:100,(anonymous_2)
FN:140,(anonymous_3)
FN:156,(anonymous_4)
FN:168,(anonymous_5)
FN:178,(anonymous_6)
FN:188,(anonymous_7)
FN:190,(anonymous_8)
FN:193,(anonymous_9)
FN:196,(anonymous_10)
FN:198,(anonymous_11)
FN:207,(anonymous_12)
FN:209,(anonymous_13)
FN:217,(anonymous_14)
FNF:15
FNH:15
FNDA:40,(anonymous_0)
FNDA:6,(anonymous_1)
FNDA:33,(anonymous_2)
FNDA:3,(anonymous_3)
FNDA:4,(anonymous_4)
FNDA:4,(anonymous_5)
FNDA:7,(anonymous_6)
FNDA:22,(anonymous_7)
FNDA:8,(anonymous_8)
FNDA:2,(anonymous_9)
FNDA:5,(anonymous_10)
FNDA:3,(anonymous_11)
FNDA:3,(anonymous_12)
FNDA:1,(anonymous_13)
FNDA:34,(anonymous_14)
DA:80,4
DA:81,4
DA:85,4
DA:86,40
DA:87,40
DA:88,6
DA:89,6
DA:96,6
DA:100,4
DA:103,33
DA:104,33
DA:105,0
DA:110,30
DA:112,30
DA:113,1
DA:120,29
DA:127,29
DA:128,29
DA:129,29
DA:140,4
DA:145,3
DA:146,3
DA:148,1
DA:153,2
DA:156,4
DA:157,4
DA:158,4
DA:159,1
DA:161,3
DA:162,1
DA:164,2
DA:165,2
DA:168,4
DA:169,4
DA:170,4
DA:171,3
DA:172,3
DA:173,3
DA:174,3
DA:175,3
DA:178,4
DA:179,7
DA:180,7
DA:181,6
DA:182,6
DA:183,6
DA:184,6
DA:185,6
DA:188,22
DA:190,4
DA:191,8
DA:192,8
DA:193,2
DA:195,8
DA:196,5
DA:198,8
DA:199,3
DA:200,3
DA:201,3
DA:202,1
DA:204,8
DA:207,4
DA:208,3
DA:209,3
DA:210,1
DA:217,4
DA:218,34
DA:219,34
DA:222,4
LF:69
LH:68
BRDA:96,0,0,6
BRDA:96,0,1,1
BRDA:100,1,0,33
BRDA:104,2,0,0
BRDA:104,2,1,33
BRDA:112,3,0,1
BRDA:112,3,1,29
BRDA:142,4,0,3
BRDA:158,5,0,1
BRDA:158,5,1,3
BRDA:161,6,0,1
BRDA:161,6,1,2
BRDA:170,7,0,1
BRDA:170,7,1,3
BRDA:171,8,0,0
BRDA:171,8,1,3
BRDA:180,9,0,1
BRDA:180,9,1,6
BRDA:181,10,0,0
BRDA:181,10,1,6
BRDA:190,11,0,8
BRDA:192,12,0,1
BRDA:192,12,1,7
BRDA:195,13,0,3
BRDA:195,13,1,5
BRDA:201,14,0,2
BRDA:201,14,1,1
BRF:27
BRH:24
end_of_record
TN:
SF:src/platform/registry/capabilityResolver.ts
FN:53,(anonymous_0)
FN:65,(anonymous_1)
FN:85,resolveCapability
FN:130,resolveWorkspaceNeeds
FNF:4
FNH:4
FNDA:7,(anonymous_0)
FNDA:3,(anonymous_1)
FNDA:18,resolveCapability
FNDA:7,resolveWorkspaceNeeds
DA:51,7
DA:54,7
DA:55,7
DA:56,7
DA:57,7
DA:62,3
DA:66,3
DA:69,3
DA:70,3
DA:71,3
DA:89,18
DA:90,2
DA:95,16
DA:96,16
DA:97,5
DA:99,11
DA:100,3
DA:106,8
DA:131,7
LF:19
LH:19
BRDA:54,0,0,2
BRDA:54,0,1,5
BRDA:89,1,0,2
BRDA:89,1,1,16
BRDA:89,2,0,18
BRDA:89,2,1,16
BRDA:91,3,0,1
BRDA:91,3,1,1
BRDA:96,4,0,5
BRDA:96,4,1,11
BRDA:99,5,0,3
BRDA:99,5,1,8
BRDA:114,6,0,8
BRDA:114,6,1,0
BRF:14
BRH:13
end_of_record
TN:
SF:src/platform/registry/index.ts
FNF:0
FNH:0
LF:0
LH:0
BRF:0
BRH:0
end_of_record
TN:
SF:src/platform/registry/toolRegistry.ts
FN:69,(anonymous_0)
FN:71,(anonymous_1)
FN:73,(anonymous_2)
FN:77,(anonymous_3)
FN:81,(anonymous_4)
FN:84,(anonymous_5)
FN:90,(anonymous_6)
FN:99,(anonymous_7)
FN:107,(anonymous_8)
FN:117,(anonymous_9)
FN:142,(anonymous_10)
FN:169,(anonymous_11)
FN:204,(anonymous_12)
FN:252,(anonymous_13)
FN:274,(anonymous_14)
FN:311,(anonymous_15)
FN:315,(anonymous_16)
FN:328,(anonymous_17)
FN:332,(anonymous_18)
FN:337,(anonymous_19)
FN:338,(anonymous_20)
FN:344,(anonymous_21)
FN:347,(anonymous_22)
FNF:23
FNH:0
FNDA:0,(anonymous_0)
FNDA:0,(anonymous_1)
FNDA:0,(anonymous_2)
FNDA:0,(anonymous_3)
FNDA:0,(anonymous_4)
FNDA:0,(anonymous_5)
FNDA:0,(anonymous_6)
FNDA:0,(anonymous_7)
FNDA:0,(anonymous_8)
FNDA:0,(anonymous_9)
FNDA:0,(anonymous_10)
FNDA:0,(anonymous_11)
FNDA:0,(anonymous_12)
FNDA:0,(anonymous_13)
FNDA:0,(anonymous_14)
FNDA:0,(anonymous_15)
FNDA:0,(anonymous_16)
FNDA:0,(anonymous_17)
FNDA:0,(anonymous_18)
FNDA:0,(anonymous_19)
FNDA:0,(anonymous_20)
FNDA:0,(anonymous_21)
FNDA:0,(anonymous_22)
DA:65,2
DA:69,2
DA:71,2
DA:73,2
DA:74,0
DA:75,0
DA:76,0
DA:77,0
DA:79,0
DA:80,0
DA:81,0
DA:83,0
DA:84,0
DA:86,0
DA:90,2
DA:91,0
DA:92,0
DA:93,0
DA:95,0
DA:99,2
DA:100,0
DA:101,0
DA:102,0
DA:104,0
DA:107,2
DA:108,0
DA:109,0
DA:110,0
DA:117,2
DA:118,0
DA:119,0
DA:120,0
DA:122,0
DA:123,0
DA:142,2
DA:143,0
DA:144,0
DA:148,0
DA:149,0
DA:153,0
DA:158,0
DA:167,0
DA:169,0
DA:171,0
DA:179,0
DA:184,0
DA:190,0
DA:204,2
DA:209,0
DA:210,0
DA:212,0
DA:213,0
DA:214,0
DA:216,0
DA:217,0
DA:224,0
DA:225,0
DA:230,0
DA:231,0
DA:233,0
DA:252,2
DA:263,0
DA:265,0
DA:266,0
DA:267,0
DA:269,0
DA:270,0
DA:278,0
DA:279,0
DA:280,0
DA:281,0
DA:282,0
DA:284,0
DA:289,0
DA:311,2
DA:312,0
DA:313,0
DA:314,0
DA:315,0
DA:328,2
DA:329,0
DA:330,0
DA:331,0
DA:332,0
DA:337,2
DA:338,0
DA:340,0
DA:344,2
DA:347,2
DA:349,2
DA:393,2
LF:91
LH:18
BRDA:73,0,0,0
BRDA:76,1,0,0
BRDA:76,1,1,0
BRDA:79,2,0,0
BRDA:79,2,1,0
BRDA:83,3,0,0
BRDA:83,3,1,0
BRDA:93,4,0,0
BRDA:93,4,1,0
BRDA:102,5,0,0
BRDA:102,5,1,0
BRDA:109,6,0,0
BRDA:109,6,1,0
BRDA:119,7,0,0
BRDA:119,7,1,0
BRDA:122,8,0,0
BRDA:122,8,1,0
BRDA:143,9,0,0
BRDA:143,9,1,0
BRDA:148,10,0,0
BRDA:148,10,1,0
BRDA:153,11,0,0
BRDA:153,11,1,0
BRDA:154,12,0,0
BRDA:154,12,1,0
BRDA:154,12,2,0
BRDA:167,13,0,0
BRDA:167,13,1,0
BRDA:168,14,0,0
BRDA:168,14,1,0
BRDA:179,15,0,0
BRDA:179,15,1,0
BRDA:180,16,0,0
BRDA:180,16,1,0
BRDA:180,16,2,0
BRDA:209,17,0,0
BRDA:209,17,1,0
BRDA:209,18,0,0
BRDA:209,18,1,0
BRDA:209,18,2,0
BRDA:213,19,0,0
BRDA:213,19,1,0
BRDA:216,20,0,0
BRDA:216,20,1,0
BRDA:224,21,0,0
BRDA:224,21,1,0
BRDA:224,22,0,0
BRDA:224,22,1,0
BRDA:224,22,2,0
BRDA:230,23,0,0
BRDA:230,23,1,0
BRDA:267,24,0,0
BRDA:267,24,1,0
BRDA:279,25,0,0
BRDA:279,25,1,0
BRDA:279,26,0,0
BRDA:279,26,1,0
BRDA:279,26,2,0
BRDA:313,27,0,0
BRDA:313,27,1,0
BRDA:330,28,0,0
BRDA:330,28,1,0
BRDA:338,29,0,0
BRDA:338,29,1,0
BRF:64
BRH:0
end_of_record
TN:
SF:src/platform/sandbox/dryRun.ts
FN:48,(anonymous_0)
FN:51,(anonymous_1)
FN:54,(anonymous_2)
FN:55,(anonymous_3)
FN:62,(anonymous_4)
FN:68,(anonymous_5)
FNF:6
FNH:0
FNDA:0,(anonymous_0)
FNDA:0,(anonymous_1)
FNDA:0,(anonymous_2)
FNDA:0,(anonymous_3)
FNDA:0,(anonymous_4)
FNDA:0,(anonymous_5)
DA:48,0
DA:49,0
DA:50,0
DA:52,0
DA:55,0
DA:56,0
DA:57,0
DA:58,0
DA:60,0
DA:63,0
DA:68,0
DA:69,0
LF:12
LH:0
BRDA:69,0,0,0
BRDA:69,0,1,0
BRDA:69,0,2,0
BRF:3
BRH:0
end_of_record
TN:
SF:src/platform/sandbox/networkGuard.ts
FN:25,(anonymous_0)
FN:42,(anonymous_1)
FN:54,(anonymous_2)
FN:64,(anonymous_3)
FN:67,(anonymous_4)
FN:70,(anonymous_5)
FN:72,(anonymous_6)
FN:74,(anonymous_7)
FN:76,(anonymous_8)
FNF:9
FNH:0
FNDA:0,(anonymous_0)
FNDA:0,(anonymous_1)
FNDA:0,(anonymous_2)
FNDA:0,(anonymous_3)
FNDA:0,(anonymous_4)
FNDA:0,(anonymous_5)
FNDA:0,(anonymous_6)
FNDA:0,(anonymous_7)
FNDA:0,(anonymous_8)
DA:24,0
DA:26,0
DA:27,0
DA:29,0
DA:32,0
DA:42,0
DA:44,0
DA:45,0
DA:46,0
DA:48,0
DA:51,0
DA:54,0
DA:55,0
DA:56,0
DA:57,0
DA:58,0
DA:59,0
DA:61,0
DA:64,0
DA:67,0
DA:68,0
DA:71,0
DA:72,0
DA:75,0
DA:76,0
DA:77,0
LF:26
LH:0
BRDA:30,0,0,0
BRDA:30,0,1,0
BRDA:44,1,0,0
BRDA:44,1,1,0
BRDA:56,2,0,0
BRDA:56,2,1,0
BRDA:57,3,0,0
BRDA:57,3,1,0
BRDA:59,4,0,0
BRDA:59,4,1,0
BRDA:76,5,0,0
BRDA:76,5,1,0
BRF:12
BRH:0
end_of_record
TN:
SF:src/platform/sandbox/rateLimiter.ts
FN:38,(anonymous_0)
FN:61,(anonymous_1)
FN:73,(anonymous_2)
FN:85,(anonymous_3)
FN:93,(anonymous_4)
FN:98,(anonymous_5)
FN:101,(anonymous_6)
FNF:7
FNH:0
FNDA:0,(anonymous_0)
FNDA:0,(anonymous_1)
FNDA:0,(anonymous_2)
FNDA:0,(anonymous_3)
FNDA:0,(anonymous_4)
FNDA:0,(anonymous_5)
FNDA:0,(anonymous_6)
DA:37,0
DA:39,0
DA:40,0
DA:41,0
DA:43,0
DA:46,0
DA:61,0
DA:62,0
DA:63,0
DA:65,0
DA:66,0
DA:70,0
DA:71,0
DA:73,0
DA:74,0
DA:75,0
DA:76,0
DA:78,0
DA:79,0
DA:80,0
DA:81,0
DA:84,0
DA:86,0
DA:87,0
DA:88,0
DA:89,0
DA:90,0
DA:91,0
DA:94,0
DA:95,0
DA:99,0
DA:102,0
LF:32
LH:0
BRDA:62,0,0,0
BRDA:62,0,1,0
BRDA:65,1,0,0
BRDA:65,1,1,0
BRDA:70,2,0,0
BRDA:70,2,1,0
BRDA:75,3,0,0
BRDA:75,3,1,0
BRDA:79,4,0,0
BRDA:79,4,1,0
BRDA:80,5,0,0
BRDA:80,5,1,0
BRDA:88,6,0,0
BRDA:88,6,1,0
BRDA:89,7,0,0
BRDA:89,7,1,0
BRDA:94,8,0,0
BRDA:94,8,1,0
BRF:18
BRH:0
end_of_record
TN:
SF:src/platform/sandbox/toolWhitelistGuard.ts
FN:22,(anonymous_0)
FN:36,(anonymous_1)
FN:42,(anonymous_2)
FN:43,(anonymous_3)
FNF:4
FNH:0
FNDA:0,(anonymous_0)
FNDA:0,(anonymous_1)
FNDA:0,(anonymous_2)
FNDA:0,(anonymous_3)
DA:21,0
DA:23,0
DA:26,0
DA:36,0
DA:39,0
DA:40,0
DA:42,0
DA:44,0
DA:45,0
LF:9
LH:0
BRDA:24,0,0,0
BRDA:24,0,1,0
BRDA:44,1,0,0
BRDA:44,1,1,0
BRF:4
BRH:0
end_of_record
